<?xml version="1.0" encoding="UTF-8"?>
<!-- Generated by org.testng.reporters.JUnitReportReporter -->
<testsuite skipped="0" hostname="DESKTOP-Q8E4IDU" name="com.softserve.edu.AppTest" tests="3" failures="0" timestamp="2020-11-17T20:02:56 EET" time="0.098" errors="0">
  <testcase name="testApp" time="0.009" classname="com.softserve.edu.AppTest"/>
  <system-out/>
  <testcase name="checkApp" time="0.080" classname="com.softserve.edu.AppTest"/>
  <system-out/>
  <testcase name="checkCSV" time="0.009" classname="com.softserve.edu.AppTest"/>
  <system-out/>
</testsuite> <!-- com.softserve.edu.AppTest -->
